Build started 2015-11-18 12:51:21.
     1>Project "C:\Users\Simpe\Desktop\ParticleSimulation - Threaded\ParticleSimulation\ParticleSimulation.vcxproj" on node 2 (Build target(s)).
     1>C:\Program Files (x86)\MSBuild\Microsoft.Cpp\v4.0\V140\Microsoft.CppBuild.targets(392,5): warning MSB8028: The intermediate directory (Release\) contains files shared from another project (ParticleSimulation.vcxproj).  This can lead to incorrect clean and rebuild behavior.
     1>ClCompile:
         C:\Program Files (x86)\Microsoft Visual Studio 14.0\VC\bin\CL.exe /c /Zi /nologo /W3 /WX- /sdl /O2 /Oi /Oy- /GL /D _MBCS /Gm- /EHsc /MD /GS /Gy /fp:precise /Zc:wchar_t /Zc:forScope /Zc:inline /Fo"Release\\" /Fd"Release\vc140.pdb" /Gd /TP /analyze- /errorReport:prompt Code\Source\ParticleSystem.cpp
         ParticleSystem.cpp
     1>Code\Source\ParticleSystem.cpp(194): warning C4018: '<': signed/unsigned mismatch
     1>Code\Source\ParticleSystem.cpp(395): warning C4244: 'argument': conversion from 'time_t' to 'unsigned int', possible loss of data
       Link:
         C:\Program Files (x86)\Microsoft Visual Studio 14.0\VC\bin\link.exe /ERRORREPORT:PROMPT /OUT:"C:\Users\Simpe\Desktop\ParticleSimulation - Threaded\Release\ParticleSimulation-Threaded.exe" /NOLOGO kernel32.lib user32.lib gdi32.lib winspool.lib comdlg32.lib advapi32.lib shell32.lib ole32.lib oleaut32.lib uuid.lib odbc32.lib odbccp32.lib /MANIFEST /MANIFESTUAC:"level='asInvoker' uiAccess='false'" /manifest:embed /Debug /PDB:"C:\Users\Simpe\Desktop\ParticleSimulation - Threaded\Release\ParticleSimulation-Threaded.pdb" /OPT:REF /OPT:ICF /LTCG:incremental /TLBID:1 /DYNAMICBASE /NXCOMPAT /IMPLIB:"C:\Users\Simpe\Desktop\ParticleSimulation - Threaded\Release\ParticleSimulation-Threaded.lib" /MACHINE:X86 /SAFESEH Release\Camera.obj
         Release\D3DApp.obj
         Release\main.obj
         Release\ParticleSystem.obj
         Release\Scene.obj
         Release\Timer.obj
         Generating code
     1>c:\users\simpe\desktop\particlesimulation - threaded\particlesimulation\code\source\particlesystem.cpp(27): warning C4752: found Intel(R) Advanced Vector Extensions; consider using /arch:AVX
         1 of 352 functions ( 0.3%) were compiled, the rest were copied from previous compilation.
           0 functions were new in current compilation
           1 functions had inline decision re-evaluated but remain unchanged
         Finished generating code
         ParticleSimulation.vcxproj -> C:\Users\Simpe\Desktop\ParticleSimulation - Threaded\Release\ParticleSimulation-Threaded.exe
     1>Done Building Project "C:\Users\Simpe\Desktop\ParticleSimulation - Threaded\ParticleSimulation\ParticleSimulation.vcxproj" (Build target(s)).

Build succeeded.

Time Elapsed 00:00:01.13
