Build started 2015-11-18 12:30:16.
     1>Project "C:\Users\Simpe\Desktop\ParticleSimulation - Threaded\ParticleSimulation\ParticleSimulation.vcxproj" on node 2 (Build target(s)).
     1>C:\Program Files (x86)\MSBuild\Microsoft.Cpp\v4.0\V140\Microsoft.CppBuild.targets(392,5): warning MSB8028: The intermediate directory (Debug\) contains files shared from another project (ParticleSimulation (Konfliktkopia för SimpeLaptop 2015-08-24).vcxproj, ParticleSimulation.vcxproj).  This can lead to incorrect clean and rebuild behavior.
     1>ClCompile:
         C:\Program Files (x86)\Microsoft Visual Studio 14.0\VC\bin\CL.exe /c /ZI /nologo /W3 /WX- /sdl /Od /Oy- /D _MBCS /Gm /EHsc /RTC1 /MDd /GS /fp:precise /Zc:wchar_t /Zc:forScope /Zc:inline /Fo"Debug\\" /Fd"Debug\vc140.pdb" /Gd /TP /analyze- /errorReport:prompt Code\Source\ParticleSystem.cpp
         ParticleSystem.cpp
     1>c:\users\simpe\desktop\particlesimulation - threaded\particlesimulation\code\source\particlesystem.cpp(193): warning C4018: '<': signed/unsigned mismatch
     1>c:\users\simpe\desktop\particlesimulation - threaded\particlesimulation\code\source\particlesystem.cpp(247): warning C4244: 'argument': conversion from 'int' to 'float', possible loss of data
     1>c:\users\simpe\desktop\particlesimulation - threaded\particlesimulation\code\source\particlesystem.cpp(393): warning C4244: 'argument': conversion from 'time_t' to 'unsigned int', possible loss of data
     1>c:\users\simpe\desktop\particlesimulation - threaded\particlesimulation\code\source\particlesystem.cpp(138): warning C4752: found Intel(R) Advanced Vector Extensions; consider using /arch:AVX
     1>c:\users\simpe\desktop\particlesimulation - threaded\particlesimulation\code\source\particlesystem.cpp(47): warning C4752: found Intel(R) Advanced Vector Extensions; consider using /arch:AVX
     1>c:\users\simpe\desktop\particlesimulation - threaded\particlesimulation\code\source\particlesystem.cpp(189): warning C4752: found Intel(R) Advanced Vector Extensions; consider using /arch:AVX
     1>c:\users\simpe\desktop\particlesimulation - threaded\particlesimulation\code\source\particlesystem.cpp(254): warning C4752: found Intel(R) Advanced Vector Extensions; consider using /arch:AVX
       Link:
         C:\Program Files (x86)\Microsoft Visual Studio 14.0\VC\bin\link.exe /ERRORREPORT:PROMPT /OUT:"C:\Users\Simpe\Desktop\ParticleSimulation - Threaded\Debug\ParticleSimulation-Threaded.exe" /INCREMENTAL /NOLOGO kernel32.lib user32.lib gdi32.lib winspool.lib comdlg32.lib advapi32.lib shell32.lib ole32.lib oleaut32.lib uuid.lib odbc32.lib odbccp32.lib /MANIFEST /MANIFESTUAC:"level='asInvoker' uiAccess='false'" /manifest:embed /Debug /PDB:"C:\Users\Simpe\Desktop\ParticleSimulation - Threaded\Debug\ParticleSimulation-Threaded.pdb" /TLBID:1 /DYNAMICBASE /NXCOMPAT /IMPLIB:"C:\Users\Simpe\Desktop\ParticleSimulation - Threaded\Debug\ParticleSimulation-Threaded.lib" /MACHINE:X86 Debug\Camera.obj
         Debug\D3DApp.obj
         Debug\main.obj
         Debug\ParticleSystem.obj
         Debug\Scene.obj
         Debug\Timer.obj
         ParticleSimulation.vcxproj -> C:\Users\Simpe\Desktop\ParticleSimulation - Threaded\Debug\ParticleSimulation-Threaded.exe
     1>Done Building Project "C:\Users\Simpe\Desktop\ParticleSimulation - Threaded\ParticleSimulation\ParticleSimulation.vcxproj" (Build target(s)).

Build succeeded.

Time Elapsed 00:00:01.72
