Build started 2015-08-22 10:14:42.
     1>Project "C:\Users\Simon\Dropbox\Bachelor Thesis\Bachelor Thesis\Implementation\ParticleSimulation\ParticleSimulation\ParticleSimulation.vcxproj" on node 2 (Build target(s)).
     1>ClCompile:
         C:\Program Files (x86)\Microsoft Visual Studio 12.0\VC\bin\CL.exe /c /ZI /nologo /W3 /WX- /sdl /Od /Oy- /D _MBCS /Gm /EHsc /RTC1 /MDd /GS /fp:precise /Zc:wchar_t /Zc:forScope /Fo"Debug\\" /Fd"Debug\vc120.pdb" /Gd /TP /analyze- /errorReport:prompt Code\Source\ParticleSystem.cpp
         ParticleSystem.cpp
     1>c:\users\simon\dropbox\bachelor thesis\bachelor thesis\implementation\particlesimulation\particlesimulation\code\source\particlesystem.cpp(190): warning C4244: 'argument' : conversion from 'int' to 'float', possible loss of data
     1>c:\users\simon\dropbox\bachelor thesis\bachelor thesis\implementation\particlesimulation\particlesimulation\code\source\particlesystem.cpp(309): warning C4244: 'argument' : conversion from 'time_t' to 'unsigned int', possible loss of data
     1>c:\users\simon\dropbox\bachelor thesis\bachelor thesis\implementation\particlesimulation\particlesimulation\code\source\particlesystem.cpp(97): warning C4752: found Intel(R) Advanced Vector Extensions; consider using /arch:AVX
     1>c:\users\simon\dropbox\bachelor thesis\bachelor thesis\implementation\particlesimulation\particlesimulation\code\source\particlesystem.cpp(176): warning C4752: found Intel(R) Advanced Vector Extensions; consider using /arch:AVX
     1>c:\users\simon\dropbox\bachelor thesis\bachelor thesis\implementation\particlesimulation\particlesimulation\code\source\particlesystem.cpp(221): warning C4752: found Intel(R) Advanced Vector Extensions; consider using /arch:AVX
       Link:
         C:\Program Files (x86)\Microsoft Visual Studio 12.0\VC\bin\link.exe /ERRORREPORT:PROMPT /OUT:"C:\Users\Simon\Dropbox\Bachelor Thesis\Bachelor Thesis\Implementation\ParticleSimulation\Debug\ParticleSimulation.exe" /INCREMENTAL /NOLOGO kernel32.lib user32.lib gdi32.lib winspool.lib comdlg32.lib advapi32.lib shell32.lib ole32.lib oleaut32.lib uuid.lib odbc32.lib odbccp32.lib /MANIFEST /MANIFESTUAC:"level='asInvoker' uiAccess='false'" /manifest:embed /DEBUG /PDB:"C:\Users\Simon\Dropbox\Bachelor Thesis\Bachelor Thesis\Implementation\ParticleSimulation\Debug\ParticleSimulation.pdb" /TLBID:1 /DYNAMICBASE /NXCOMPAT /IMPLIB:"C:\Users\Simon\Dropbox\Bachelor Thesis\Bachelor Thesis\Implementation\ParticleSimulation\Debug\ParticleSimulation.lib" /MACHINE:X86 Debug\Camera.obj
         Debug\D3DApp.obj
         Debug\main.obj
         Debug\ParticleSystem.obj
         Debug\Scene.obj
         Debug\Timer.obj
         ParticleSimulation.vcxproj -> C:\Users\Simon\Dropbox\Bachelor Thesis\Bachelor Thesis\Implementation\ParticleSimulation\Debug\ParticleSimulation.exe
     1>Done Building Project "C:\Users\Simon\Dropbox\Bachelor Thesis\Bachelor Thesis\Implementation\ParticleSimulation\ParticleSimulation\ParticleSimulation.vcxproj" (Build target(s)).

Build succeeded.

Time Elapsed 00:00:01.84
